app/build/intermediates/manifest_merge_blame_file/debug/processDebugMainManifest/manifest-merger-blame-debug-report.txt
1<?xml version="1.0" encoding="utf-8"?>
2<manifest xmlns:android="http://schemas.android.com/apk/res/android"
3    package="com.solanasuper"
4    android:versionCode="1"
5    android:versionName="1.0" >
6
7    <uses-sdk
8        android:minSdkVersion="26"
9        android:targetSdkVersion="34" />
10
11    <!-- Permissions for Nearby Connections & Internet -->
12    <!-- Permissions for Nearby Connections & Internet -->
13    <uses-permission android:name="android.permission.BLUETOOTH" />
13-->src/main/AndroidManifest.xml:7:5-68
13-->src/main/AndroidManifest.xml:7:22-65
14    <uses-permission android:name="android.permission.BLUETOOTH_ADMIN" />
14-->src/main/AndroidManifest.xml:8:5-74
14-->src/main/AndroidManifest.xml:8:22-71
15    <uses-permission android:name="android.permission.BLUETOOTH_SCAN" />
15-->src/main/AndroidManifest.xml:9:5-73
15-->src/main/AndroidManifest.xml:9:22-70
16    <uses-permission android:name="android.permission.BLUETOOTH_ADVERTISE" />
16-->src/main/AndroidManifest.xml:10:5-78
16-->src/main/AndroidManifest.xml:10:22-75
17    <uses-permission android:name="android.permission.BLUETOOTH_CONNECT" />
17-->src/main/AndroidManifest.xml:11:5-76
17-->src/main/AndroidManifest.xml:11:22-73
18    <uses-permission android:name="android.permission.ACCESS_WIFI_STATE" />
18-->src/main/AndroidManifest.xml:12:5-76
18-->src/main/AndroidManifest.xml:12:22-73
19    <uses-permission android:name="android.permission.CHANGE_WIFI_STATE" />
19-->src/main/AndroidManifest.xml:13:5-76
19-->src/main/AndroidManifest.xml:13:22-73
20    <uses-permission android:name="android.permission.ACCESS_COARSE_LOCATION" />
20-->src/main/AndroidManifest.xml:14:5-81
20-->src/main/AndroidManifest.xml:14:22-78
21    <uses-permission android:name="android.permission.ACCESS_FINE_LOCATION" />
21-->src/main/AndroidManifest.xml:15:5-79
21-->src/main/AndroidManifest.xml:15:22-76
22    <uses-permission
22-->src/main/AndroidManifest.xml:16:5-125
23        android:name="android.permission.NEARBY_WIFI_DEVICES"
23-->src/main/AndroidManifest.xml:16:22-75
24        android:usesPermissionFlags="neverForLocation" />
24-->src/main/AndroidManifest.xml:16:76-122
25    <uses-permission android:name="android.permission.INTERNET" />
25-->src/main/AndroidManifest.xml:17:5-67
25-->src/main/AndroidManifest.xml:17:22-64
26    <uses-permission android:name="android.permission.USE_BIOMETRIC" />
26-->src/main/AndroidManifest.xml:18:5-72
26-->src/main/AndroidManifest.xml:18:22-69
27    <uses-permission android:name="android.permission.POST_NOTIFICATIONS" />
27-->src/main/AndroidManifest.xml:19:5-77
27-->src/main/AndroidManifest.xml:19:22-74
28
29    <!-- suppress DeprecatedClassUsageInspection -->
30    <uses-permission android:name="android.permission.USE_FINGERPRINT" />
30-->[androidx.biometric:biometric:1.2.0-alpha05] AndroidManifest.xml:25:5-74
30-->[androidx.biometric:biometric:1.2.0-alpha05] AndroidManifest.xml:25:22-71
31    <uses-permission android:name="android.permission.ACCESS_NETWORK_STATE" />
31-->[com.google.android.gms:play-services-nearby:19.0.0] AndroidManifest.xml:7:5-79
31-->[com.google.android.gms:play-services-nearby:19.0.0] AndroidManifest.xml:7:22-76
32    <uses-permission android:name="android.permission.WAKE_LOCK" />
32-->[androidx.work:work-runtime:2.9.0] AndroidManifest.xml:23:5-68
32-->[androidx.work:work-runtime:2.9.0] AndroidManifest.xml:23:22-65
33    <uses-permission android:name="android.permission.RECEIVE_BOOT_COMPLETED" />
33-->[androidx.work:work-runtime:2.9.0] AndroidManifest.xml:25:5-81
33-->[androidx.work:work-runtime:2.9.0] AndroidManifest.xml:25:22-78
34    <uses-permission android:name="android.permission.FOREGROUND_SERVICE" />
34-->[androidx.work:work-runtime:2.9.0] AndroidManifest.xml:26:5-77
34-->[androidx.work:work-runtime:2.9.0] AndroidManifest.xml:26:22-74
35
36    <permission
36-->[androidx.core:core:1.13.0] AndroidManifest.xml:22:5-24:47
37        android:name="com.solanasuper.DYNAMIC_RECEIVER_NOT_EXPORTED_PERMISSION"
37-->[androidx.core:core:1.13.0] AndroidManifest.xml:23:9-81
38        android:protectionLevel="signature" />
38-->[androidx.core:core:1.13.0] AndroidManifest.xml:24:9-44
39
40    <uses-permission android:name="com.solanasuper.DYNAMIC_RECEIVER_NOT_EXPORTED_PERMISSION" />
40-->[androidx.core:core:1.13.0] AndroidManifest.xml:26:5-97
40-->[androidx.core:core:1.13.0] AndroidManifest.xml:26:22-94
41
42    <application
42-->src/main/AndroidManifest.xml:21:5-42:19
43        android:allowBackup="true"
43-->src/main/AndroidManifest.xml:22:9-35
44        android:appComponentFactory="androidx.core.app.CoreComponentFactory"
44-->[androidx.core:core:1.13.0] AndroidManifest.xml:28:18-86
45        android:dataExtractionRules="@xml/data_extraction_rules"
45-->src/main/AndroidManifest.xml:23:9-65
46        android:debuggable="true"
47        android:enableOnBackInvokedCallback="true"
47-->src/main/AndroidManifest.xml:30:9-51
48        android:extractNativeLibs="false"
49        android:fullBackupContent="@xml/backup_rules"
49-->src/main/AndroidManifest.xml:24:9-54
50        android:icon="@mipmap/ic_launcher"
50-->src/main/AndroidManifest.xml:25:9-43
51        android:label="Solana Super"
51-->src/main/AndroidManifest.xml:26:9-37
52        android:roundIcon="@mipmap/ic_launcher_round"
52-->src/main/AndroidManifest.xml:27:9-54
53        android:supportsRtl="true"
53-->src/main/AndroidManifest.xml:28:9-35
54        android:theme="@style/Theme.AppCompat.DayNight.NoActionBar" >
54-->src/main/AndroidManifest.xml:29:9-68
55        <activity
55-->src/main/AndroidManifest.xml:32:9-41:20
56            android:name="com.solanasuper.MainActivity"
56-->src/main/AndroidManifest.xml:33:13-41
57            android:exported="true"
57-->src/main/AndroidManifest.xml:34:13-36
58            android:theme="@style/Theme.AppCompat.DayNight.NoActionBar" >
58-->src/main/AndroidManifest.xml:35:13-72
59            <intent-filter>
59-->src/main/AndroidManifest.xml:36:13-40:29
60                <action android:name="android.intent.action.MAIN" />
60-->src/main/AndroidManifest.xml:37:17-69
60-->src/main/AndroidManifest.xml:37:25-66
61
62                <category android:name="android.intent.category.LAUNCHER" />
62-->src/main/AndroidManifest.xml:39:17-77
62-->src/main/AndroidManifest.xml:39:27-74
63            </intent-filter>
64        </activity>
65
66        <service
66-->[androidx.camera:camera-camera2:1.3.0-alpha04] AndroidManifest.xml:24:9-33:19
67            android:name="androidx.camera.core.impl.MetadataHolderService"
67-->[androidx.camera:camera-camera2:1.3.0-alpha04] AndroidManifest.xml:25:13-75
68            android:enabled="false"
68-->[androidx.camera:camera-camera2:1.3.0-alpha04] AndroidManifest.xml:26:13-36
69            android:exported="false" >
69-->[androidx.camera:camera-camera2:1.3.0-alpha04] AndroidManifest.xml:27:13-37
70            <meta-data
70-->[androidx.camera:camera-camera2:1.3.0-alpha04] AndroidManifest.xml:30:13-32:89
71                android:name="androidx.camera.core.impl.MetadataHolderService.DEFAULT_CONFIG_PROVIDER"
71-->[androidx.camera:camera-camera2:1.3.0-alpha04] AndroidManifest.xml:31:17-103
72                android:value="androidx.camera.camera2.Camera2Config$DefaultProvider" />
72-->[androidx.camera:camera-camera2:1.3.0-alpha04] AndroidManifest.xml:32:17-86
73        </service>
74        <service
74-->[com.google.android.gms:play-services-nearby:19.0.0] AndroidManifest.xml:10:9-13:105
75            android:name="com.google.android.gms.nearby.exposurenotification.WakeUpService"
75-->[com.google.android.gms:play-services-nearby:19.0.0] AndroidManifest.xml:11:13-92
76            android:exported="true"
76-->[com.google.android.gms:play-services-nearby:19.0.0] AndroidManifest.xml:12:13-36
77            android:permission="com.google.android.gms.nearby.exposurenotification.EXPOSURE_CALLBACK" />
77-->[com.google.android.gms:play-services-nearby:19.0.0] AndroidManifest.xml:13:13-102
78        <service
78-->[com.google.android.gms:play-services-mlkit-barcode-scanning:18.3.0] AndroidManifest.xml:9:9-15:19
79            android:name="com.google.mlkit.common.internal.MlKitComponentDiscoveryService"
79-->[com.google.android.gms:play-services-mlkit-barcode-scanning:18.3.0] AndroidManifest.xml:10:13-91
80            android:directBootAware="true"
80-->[com.google.mlkit:common:18.9.0] AndroidManifest.xml:17:13-43
81            android:exported="false" >
81-->[com.google.android.gms:play-services-mlkit-barcode-scanning:18.3.0] AndroidManifest.xml:11:13-37
82            <meta-data
82-->[com.google.android.gms:play-services-mlkit-barcode-scanning:18.3.0] AndroidManifest.xml:12:13-14:85
83                android:name="com.google.firebase.components:com.google.mlkit.vision.barcode.internal.BarcodeRegistrar"
83-->[com.google.android.gms:play-services-mlkit-barcode-scanning:18.3.0] AndroidManifest.xml:13:17-120
84                android:value="com.google.firebase.components.ComponentRegistrar" />
84-->[com.google.android.gms:play-services-mlkit-barcode-scanning:18.3.0] AndroidManifest.xml:14:17-82
85            <meta-data
85-->[com.google.mlkit:vision-common:17.3.0] AndroidManifest.xml:12:13-14:85
86                android:name="com.google.firebase.components:com.google.mlkit.vision.common.internal.VisionCommonRegistrar"
86-->[com.google.mlkit:vision-common:17.3.0] AndroidManifest.xml:13:17-124
87                android:value="com.google.firebase.components.ComponentRegistrar" />
87-->[com.google.mlkit:vision-common:17.3.0] AndroidManifest.xml:14:17-82
88            <meta-data
88-->[com.google.mlkit:common:18.9.0] AndroidManifest.xml:20:13-22:85
89                android:name="com.google.firebase.components:com.google.mlkit.common.internal.CommonComponentRegistrar"
89-->[com.google.mlkit:common:18.9.0] AndroidManifest.xml:21:17-120
90                android:value="com.google.firebase.components.ComponentRegistrar" />
90-->[com.google.mlkit:common:18.9.0] AndroidManifest.xml:22:17-82
91        </service>
92
93        <provider
93-->[com.google.mlkit:common:18.9.0] AndroidManifest.xml:9:9-13:38
94            android:name="com.google.mlkit.common.internal.MlKitInitProvider"
94-->[com.google.mlkit:common:18.9.0] AndroidManifest.xml:10:13-78
95            android:authorities="com.solanasuper.mlkitinitprovider"
95-->[com.google.mlkit:common:18.9.0] AndroidManifest.xml:11:13-69
96            android:exported="false"
96-->[com.google.mlkit:common:18.9.0] AndroidManifest.xml:12:13-37
97            android:initOrder="99" />
97-->[com.google.mlkit:common:18.9.0] AndroidManifest.xml:13:13-35
98
99        <activity
99-->[com.google.android.gms:play-services-base:18.1.0] AndroidManifest.xml:20:9-22:45
100            android:name="com.google.android.gms.common.api.GoogleApiActivity"
100-->[com.google.android.gms:play-services-base:18.1.0] AndroidManifest.xml:20:19-85
101            android:exported="false"
101-->[com.google.android.gms:play-services-base:18.1.0] AndroidManifest.xml:22:19-43
102            android:theme="@android:style/Theme.Translucent.NoTitleBar" />
102-->[com.google.android.gms:play-services-base:18.1.0] AndroidManifest.xml:21:19-78
103
104        <meta-data
104-->[com.google.android.gms:play-services-basement:18.1.0] AndroidManifest.xml:21:9-23:69
105            android:name="com.google.android.gms.version"
105-->[com.google.android.gms:play-services-basement:18.1.0] AndroidManifest.xml:22:13-58
106            android:value="@integer/google_play_services_version" />
106-->[com.google.android.gms:play-services-basement:18.1.0] AndroidManifest.xml:23:13-66
107
108        <activity
108-->[androidx.compose.ui:ui-tooling-android:1.6.1] AndroidManifest.xml:23:9-25:39
109            android:name="androidx.compose.ui.tooling.PreviewActivity"
109-->[androidx.compose.ui:ui-tooling-android:1.6.1] AndroidManifest.xml:24:13-71
110            android:exported="true" />
110-->[androidx.compose.ui:ui-tooling-android:1.6.1] AndroidManifest.xml:25:13-36
111
112        <provider
112-->[androidx.work:work-runtime:2.9.0] AndroidManifest.xml:29:9-37:20
113            android:name="androidx.startup.InitializationProvider"
113-->[androidx.work:work-runtime:2.9.0] AndroidManifest.xml:30:13-67
114            android:authorities="com.solanasuper.androidx-startup"
114-->[androidx.work:work-runtime:2.9.0] AndroidManifest.xml:31:13-68
115            android:exported="false" >
115-->[androidx.work:work-runtime:2.9.0] AndroidManifest.xml:32:13-37
116            <meta-data
116-->[androidx.work:work-runtime:2.9.0] AndroidManifest.xml:34:13-36:52
117                android:name="androidx.work.WorkManagerInitializer"
117-->[androidx.work:work-runtime:2.9.0] AndroidManifest.xml:35:17-68
118                android:value="androidx.startup" />
118-->[androidx.work:work-runtime:2.9.0] AndroidManifest.xml:36:17-49
119            <meta-data
119-->[androidx.emoji2:emoji2:1.3.0] AndroidManifest.xml:29:13-31:52
120                android:name="androidx.emoji2.text.EmojiCompatInitializer"
120-->[androidx.emoji2:emoji2:1.3.0] AndroidManifest.xml:30:17-75
121                android:value="androidx.startup" />
121-->[androidx.emoji2:emoji2:1.3.0] AndroidManifest.xml:31:17-49
122            <meta-data
122-->[androidx.lifecycle:lifecycle-process:2.8.0] AndroidManifest.xml:29:13-31:52
123                android:name="androidx.lifecycle.ProcessLifecycleInitializer"
123-->[androidx.lifecycle:lifecycle-process:2.8.0] AndroidManifest.xml:30:17-78
124                android:value="androidx.startup" />
124-->[androidx.lifecycle:lifecycle-process:2.8.0] AndroidManifest.xml:31:17-49
125            <meta-data
125-->[androidx.profileinstaller:profileinstaller:1.3.1] AndroidManifest.xml:29:13-31:52
126                android:name="androidx.profileinstaller.ProfileInstallerInitializer"
126-->[androidx.profileinstaller:profileinstaller:1.3.1] AndroidManifest.xml:30:17-85
127                android:value="androidx.startup" />
127-->[androidx.profileinstaller:profileinstaller:1.3.1] AndroidManifest.xml:31:17-49
128        </provider>
129
130        <service
130-->[androidx.work:work-runtime:2.9.0] AndroidManifest.xml:39:9-45:35
131            android:name="androidx.work.impl.background.systemalarm.SystemAlarmService"
131-->[androidx.work:work-runtime:2.9.0] AndroidManifest.xml:40:13-88
132            android:directBootAware="false"
132-->[androidx.work:work-runtime:2.9.0] AndroidManifest.xml:41:13-44
133            android:enabled="@bool/enable_system_alarm_service_default"
133-->[androidx.work:work-runtime:2.9.0] AndroidManifest.xml:42:13-72
134            android:exported="false" />
134-->[androidx.work:work-runtime:2.9.0] AndroidManifest.xml:43:13-37
135        <service
135-->[androidx.work:work-runtime:2.9.0] AndroidManifest.xml:46:9-52:35
136            android:name="androidx.work.impl.background.systemjob.SystemJobService"
136-->[androidx.work:work-runtime:2.9.0] AndroidManifest.xml:47:13-84
137            android:directBootAware="false"
137-->[androidx.work:work-runtime:2.9.0] AndroidManifest.xml:48:13-44
138            android:enabled="@bool/enable_system_job_service_default"
138-->[androidx.work:work-runtime:2.9.0] AndroidManifest.xml:49:13-70
139            android:exported="true"
139-->[androidx.work:work-runtime:2.9.0] AndroidManifest.xml:50:13-36
140            android:permission="android.permission.BIND_JOB_SERVICE" />
140-->[androidx.work:work-runtime:2.9.0] AndroidManifest.xml:51:13-69
141        <service
141-->[androidx.work:work-runtime:2.9.0] AndroidManifest.xml:53:9-59:35
142            android:name="androidx.work.impl.foreground.SystemForegroundService"
142-->[androidx.work:work-runtime:2.9.0] AndroidManifest.xml:54:13-81
143            android:directBootAware="false"
143-->[androidx.work:work-runtime:2.9.0] AndroidManifest.xml:55:13-44
144            android:enabled="@bool/enable_system_foreground_service_default"
144-->[androidx.work:work-runtime:2.9.0] AndroidManifest.xml:56:13-77
145            android:exported="false" />
145-->[androidx.work:work-runtime:2.9.0] AndroidManifest.xml:57:13-37
146
147        <receiver
147-->[androidx.work:work-runtime:2.9.0] AndroidManifest.xml:61:9-66:35
148            android:name="androidx.work.impl.utils.ForceStopRunnable$BroadcastReceiver"
148-->[androidx.work:work-runtime:2.9.0] AndroidManifest.xml:62:13-88
149            android:directBootAware="false"
149-->[androidx.work:work-runtime:2.9.0] AndroidManifest.xml:63:13-44
150            android:enabled="true"
150-->[androidx.work:work-runtime:2.9.0] AndroidManifest.xml:64:13-35
151            android:exported="false" />
151-->[androidx.work:work-runtime:2.9.0] AndroidManifest.xml:65:13-37
152        <receiver
152-->[androidx.work:work-runtime:2.9.0] AndroidManifest.xml:67:9-77:20
153            android:name="androidx.work.impl.background.systemalarm.ConstraintProxy$BatteryChargingProxy"
153-->[androidx.work:work-runtime:2.9.0] AndroidManifest.xml:68:13-106
154            android:directBootAware="false"
154-->[androidx.work:work-runtime:2.9.0] AndroidManifest.xml:69:13-44
155            android:enabled="false"
155-->[androidx.work:work-runtime:2.9.0] AndroidManifest.xml:70:13-36
156            android:exported="false" >
156-->[androidx.work:work-runtime:2.9.0] AndroidManifest.xml:71:13-37
157            <intent-filter>
157-->[androidx.work:work-runtime:2.9.0] AndroidManifest.xml:73:13-76:29
158                <action android:name="android.intent.action.ACTION_POWER_CONNECTED" />
158-->[androidx.work:work-runtime:2.9.0] AndroidManifest.xml:74:17-87
158-->[androidx.work:work-runtime:2.9.0] AndroidManifest.xml:74:25-84
159                <action android:name="android.intent.action.ACTION_POWER_DISCONNECTED" />
159-->[androidx.work:work-runtime:2.9.0] AndroidManifest.xml:75:17-90
159-->[androidx.work:work-runtime:2.9.0] AndroidManifest.xml:75:25-87
160            </intent-filter>
161        </receiver>
162        <receiver
162-->[androidx.work:work-runtime:2.9.0] AndroidManifest.xml:78:9-88:20
163            android:name="androidx.work.impl.background.systemalarm.ConstraintProxy$BatteryNotLowProxy"
163-->[androidx.work:work-runtime:2.9.0] AndroidManifest.xml:79:13-104
164            android:directBootAware="false"
164-->[androidx.work:work-runtime:2.9.0] AndroidManifest.xml:80:13-44
165            android:enabled="false"
165-->[androidx.work:work-runtime:2.9.0] AndroidManifest.xml:81:13-36
166            android:exported="false" >
166-->[androidx.work:work-runtime:2.9.0] AndroidManifest.xml:82:13-37
167            <intent-filter>
167-->[androidx.work:work-runtime:2.9.0] AndroidManifest.xml:84:13-87:29
168                <action android:name="android.intent.action.BATTERY_OKAY" />
168-->[androidx.work:work-runtime:2.9.0] AndroidManifest.xml:85:17-77
168-->[androidx.work:work-runtime:2.9.0] AndroidManifest.xml:85:25-74
169                <action android:name="android.intent.action.BATTERY_LOW" />
169-->[androidx.work:work-runtime:2.9.0] AndroidManifest.xml:86:17-76
169-->[androidx.work:work-runtime:2.9.0] AndroidManifest.xml:86:25-73
170            </intent-filter>
171        </receiver>
172        <receiver
172-->[androidx.work:work-runtime:2.9.0] AndroidManifest.xml:89:9-99:20
173            android:name="androidx.work.impl.background.systemalarm.ConstraintProxy$StorageNotLowProxy"
173-->[androidx.work:work-runtime:2.9.0] AndroidManifest.xml:90:13-104
174            android:directBootAware="false"
174-->[androidx.work:work-runtime:2.9.0] AndroidManifest.xml:91:13-44
175            android:enabled="false"
175-->[androidx.work:work-runtime:2.9.0] AndroidManifest.xml:92:13-36
176            android:exported="false" >
176-->[androidx.work:work-runtime:2.9.0] AndroidManifest.xml:93:13-37
177            <intent-filter>
177-->[androidx.work:work-runtime:2.9.0] AndroidManifest.xml:95:13-98:29
178                <action android:name="android.intent.action.DEVICE_STORAGE_LOW" />
178-->[androidx.work:work-runtime:2.9.0] AndroidManifest.xml:96:17-83
178-->[androidx.work:work-runtime:2.9.0] AndroidManifest.xml:96:25-80
179                <action android:name="android.intent.action.DEVICE_STORAGE_OK" />
179-->[androidx.work:work-runtime:2.9.0] AndroidManifest.xml:97:17-82
179-->[androidx.work:work-runtime:2.9.0] AndroidManifest.xml:97:25-79
180            </intent-filter>
181        </receiver>
182        <receiver
182-->[androidx.work:work-runtime:2.9.0] AndroidManifest.xml:100:9-109:20
183            android:name="androidx.work.impl.background.systemalarm.ConstraintProxy$NetworkStateProxy"
183-->[androidx.work:work-runtime:2.9.0] AndroidManifest.xml:101:13-103
184            android:directBootAware="false"
184-->[androidx.work:work-runtime:2.9.0] AndroidManifest.xml:102:13-44
185            android:enabled="false"
185-->[androidx.work:work-runtime:2.9.0] AndroidManifest.xml:103:13-36
186            android:exported="false" >
186-->[androidx.work:work-runtime:2.9.0] AndroidManifest.xml:104:13-37
187            <intent-filter>
187-->[androidx.work:work-runtime:2.9.0] AndroidManifest.xml:106:13-108:29
188                <action android:name="android.net.conn.CONNECTIVITY_CHANGE" />
188-->[androidx.work:work-runtime:2.9.0] AndroidManifest.xml:107:17-79
188-->[androidx.work:work-runtime:2.9.0] AndroidManifest.xml:107:25-76
189            </intent-filter>
190        </receiver>
191        <receiver
191-->[androidx.work:work-runtime:2.9.0] AndroidManifest.xml:110:9-121:20
192            android:name="androidx.work.impl.background.systemalarm.RescheduleReceiver"
192-->[androidx.work:work-runtime:2.9.0] AndroidManifest.xml:111:13-88
193            android:directBootAware="false"
193-->[androidx.work:work-runtime:2.9.0] AndroidManifest.xml:112:13-44
194            android:enabled="false"
194-->[androidx.work:work-runtime:2.9.0] AndroidManifest.xml:113:13-36
195            android:exported="false" >
195-->[androidx.work:work-runtime:2.9.0] AndroidManifest.xml:114:13-37
196            <intent-filter>
196-->[androidx.work:work-runtime:2.9.0] AndroidManifest.xml:116:13-120:29
197                <action android:name="android.intent.action.BOOT_COMPLETED" />
197-->[androidx.work:work-runtime:2.9.0] AndroidManifest.xml:117:17-79
197-->[androidx.work:work-runtime:2.9.0] AndroidManifest.xml:117:25-76
198                <action android:name="android.intent.action.TIME_SET" />
198-->[androidx.work:work-runtime:2.9.0] AndroidManifest.xml:118:17-73
198-->[androidx.work:work-runtime:2.9.0] AndroidManifest.xml:118:25-70
199                <action android:name="android.intent.action.TIMEZONE_CHANGED" />
199-->[androidx.work:work-runtime:2.9.0] AndroidManifest.xml:119:17-81
199-->[androidx.work:work-runtime:2.9.0] AndroidManifest.xml:119:25-78
200            </intent-filter>
201        </receiver>
202        <receiver
202-->[androidx.work:work-runtime:2.9.0] AndroidManifest.xml:122:9-131:20
203            android:name="androidx.work.impl.background.systemalarm.ConstraintProxyUpdateReceiver"
203-->[androidx.work:work-runtime:2.9.0] AndroidManifest.xml:123:13-99
204            android:directBootAware="false"
204-->[androidx.work:work-runtime:2.9.0] AndroidManifest.xml:124:13-44
205            android:enabled="@bool/enable_system_alarm_service_default"
205-->[androidx.work:work-runtime:2.9.0] AndroidManifest.xml:125:13-72
206            android:exported="false" >
206-->[androidx.work:work-runtime:2.9.0] AndroidManifest.xml:126:13-37
207            <intent-filter>
207-->[androidx.work:work-runtime:2.9.0] AndroidManifest.xml:128:13-130:29
208                <action android:name="androidx.work.impl.background.systemalarm.UpdateProxies" />
208-->[androidx.work:work-runtime:2.9.0] AndroidManifest.xml:129:17-98
208-->[androidx.work:work-runtime:2.9.0] AndroidManifest.xml:129:25-95
209            </intent-filter>
210        </receiver>
211        <receiver
211-->[androidx.work:work-runtime:2.9.0] AndroidManifest.xml:132:9-142:20
212            android:name="androidx.work.impl.diagnostics.DiagnosticsReceiver"
212-->[androidx.work:work-runtime:2.9.0] AndroidManifest.xml:133:13-78
213            android:directBootAware="false"
213-->[androidx.work:work-runtime:2.9.0] AndroidManifest.xml:134:13-44
214            android:enabled="true"
214-->[androidx.work:work-runtime:2.9.0] AndroidManifest.xml:135:13-35
215            android:exported="true"
215-->[androidx.work:work-runtime:2.9.0] AndroidManifest.xml:136:13-36
216            android:permission="android.permission.DUMP" >
216-->[androidx.work:work-runtime:2.9.0] AndroidManifest.xml:137:13-57
217            <intent-filter>
217-->[androidx.work:work-runtime:2.9.0] AndroidManifest.xml:139:13-141:29
218                <action android:name="androidx.work.diagnostics.REQUEST_DIAGNOSTICS" />
218-->[androidx.work:work-runtime:2.9.0] AndroidManifest.xml:140:17-88
218-->[androidx.work:work-runtime:2.9.0] AndroidManifest.xml:140:25-85
219            </intent-filter>
220        </receiver>
221
222        <activity
222-->[androidx.compose.ui:ui-test-manifest:1.6.1] AndroidManifest.xml:23:9-25:39
223            android:name="androidx.activity.ComponentActivity"
223-->[androidx.compose.ui:ui-test-manifest:1.6.1] AndroidManifest.xml:24:13-63
224            android:exported="true" />
224-->[androidx.compose.ui:ui-test-manifest:1.6.1] AndroidManifest.xml:25:13-36
225
226        <service
226-->[androidx.room:room-runtime:2.6.1] AndroidManifest.xml:24:9-28:63
227            android:name="androidx.room.MultiInstanceInvalidationService"
227-->[androidx.room:room-runtime:2.6.1] AndroidManifest.xml:25:13-74
228            android:directBootAware="true"
228-->[androidx.room:room-runtime:2.6.1] AndroidManifest.xml:26:13-43
229            android:exported="false" />
229-->[androidx.room:room-runtime:2.6.1] AndroidManifest.xml:27:13-37
230
231        <receiver
231-->[androidx.profileinstaller:profileinstaller:1.3.1] AndroidManifest.xml:34:9-52:20
232            android:name="androidx.profileinstaller.ProfileInstallReceiver"
232-->[androidx.profileinstaller:profileinstaller:1.3.1] AndroidManifest.xml:35:13-76
233            android:directBootAware="false"
233-->[androidx.profileinstaller:profileinstaller:1.3.1] AndroidManifest.xml:36:13-44
234            android:enabled="true"
234-->[androidx.profileinstaller:profileinstaller:1.3.1] AndroidManifest.xml:37:13-35
235            android:exported="true"
235-->[androidx.profileinstaller:profileinstaller:1.3.1] AndroidManifest.xml:38:13-36
236            android:permission="android.permission.DUMP" >
236-->[androidx.profileinstaller:profileinstaller:1.3.1] AndroidManifest.xml:39:13-57
237            <intent-filter>
237-->[androidx.profileinstaller:profileinstaller:1.3.1] AndroidManifest.xml:40:13-42:29
238                <action android:name="androidx.profileinstaller.action.INSTALL_PROFILE" />
238-->[androidx.profileinstaller:profileinstaller:1.3.1] AndroidManifest.xml:41:17-91
238-->[androidx.profileinstaller:profileinstaller:1.3.1] AndroidManifest.xml:41:25-88
239            </intent-filter>
240            <intent-filter>
240-->[androidx.profileinstaller:profileinstaller:1.3.1] AndroidManifest.xml:43:13-45:29
241                <action android:name="androidx.profileinstaller.action.SKIP_FILE" />
241-->[androidx.profileinstaller:profileinstaller:1.3.1] AndroidManifest.xml:44:17-85
241-->[androidx.profileinstaller:profileinstaller:1.3.1] AndroidManifest.xml:44:25-82
242            </intent-filter>
243            <intent-filter>
243-->[androidx.profileinstaller:profileinstaller:1.3.1] AndroidManifest.xml:46:13-48:29
244                <action android:name="androidx.profileinstaller.action.SAVE_PROFILE" />
244-->[androidx.profileinstaller:profileinstaller:1.3.1] AndroidManifest.xml:47:17-88
244-->[androidx.profileinstaller:profileinstaller:1.3.1] AndroidManifest.xml:47:25-85
245            </intent-filter>
246            <intent-filter>
246-->[androidx.profileinstaller:profileinstaller:1.3.1] AndroidManifest.xml:49:13-51:29
247                <action android:name="androidx.profileinstaller.action.BENCHMARK_OPERATION" />
247-->[androidx.profileinstaller:profileinstaller:1.3.1] AndroidManifest.xml:50:17-95
247-->[androidx.profileinstaller:profileinstaller:1.3.1] AndroidManifest.xml:50:25-92
248            </intent-filter>
249        </receiver>
250
251        <service
251-->[com.google.android.datatransport:transport-backend-cct:2.3.3] AndroidManifest.xml:29:9-35:19
252            android:name="com.google.android.datatransport.runtime.backends.TransportBackendDiscovery"
252-->[com.google.android.datatransport:transport-backend-cct:2.3.3] AndroidManifest.xml:30:13-103
253            android:exported="false" >
253-->[com.google.android.datatransport:transport-backend-cct:2.3.3] AndroidManifest.xml:31:13-37
254            <meta-data
254-->[com.google.android.datatransport:transport-backend-cct:2.3.3] AndroidManifest.xml:32:13-34:39
255                android:name="backend:com.google.android.datatransport.cct.CctBackendFactory"
255-->[com.google.android.datatransport:transport-backend-cct:2.3.3] AndroidManifest.xml:33:17-94
256                android:value="cct" />
256-->[com.google.android.datatransport:transport-backend-cct:2.3.3] AndroidManifest.xml:34:17-36
257        </service>
258        <service
258-->[com.google.android.datatransport:transport-runtime:2.2.6] AndroidManifest.xml:26:9-30:19
259            android:name="com.google.android.datatransport.runtime.scheduling.jobscheduling.JobInfoSchedulerService"
259-->[com.google.android.datatransport:transport-runtime:2.2.6] AndroidManifest.xml:27:13-117
260            android:exported="false"
260-->[com.google.android.datatransport:transport-runtime:2.2.6] AndroidManifest.xml:28:13-37
261            android:permission="android.permission.BIND_JOB_SERVICE" >
261-->[com.google.android.datatransport:transport-runtime:2.2.6] AndroidManifest.xml:29:13-69
262        </service>
263
264        <receiver
264-->[com.google.android.datatransport:transport-runtime:2.2.6] AndroidManifest.xml:32:9-34:40